<?xml version="1.0" encoding="UTF-8"?>
<!-- Generated by org.testng.reporters.JUnitReportReporter -->
<testsuite skipped="2" hostname="DESKTOP-4FHOASP" name="com.rescale.testcases.FilesPage.tc_1_Files_Upload_New" tests="3" failures="0" timestamp="14 Aug 2019 23:18:10 GMT" time="0.000" errors="1">
  <testcase name="initialzeTestBaseSetup" time="0.000" classname="com.rescale.testcases.FilesPage.tc_1_Files_Upload_New">
    <error type="org.testng.TestNGException" message="
Parameter &#039;browserType&#039; is required by BeforeClass on method initialzeTestBaseSetup but has not been marked @Optional or defined
in C:\Users\Pranav\AppData\Local\Temp\testng-eclipse-934244242\testng-customsuite.xml">
      <![CDATA[org.testng.TestNGException: 
Parameter 'browserType' is required by BeforeClass on method initialzeTestBaseSetup but has not been marked @Optional or defined
in C:\Users\Pranav\AppData\Local\Temp\testng-eclipse-934244242\testng-customsuite.xml
at org.testng.internal.Parameters.createParams(Parameters.java:290)
at org.testng.internal.Parameters.createParametersForMethod(Parameters.java:359)
at org.testng.internal.Parameters.createParameters(Parameters.java:620)
at org.testng.internal.Parameters.createConfigurationParameters(Parameters.java:190)
at org.testng.internal.Invoker.invokeConfigurations(Invoker.java:209)
at org.testng.internal.Invoker.invokeConfigurations(Invoker.java:142)
at org.testng.internal.TestMethodWorker.invokeBeforeClassMethods(TestMethodWorker.java:168)
at org.testng.internal.TestMethodWorker.run(TestMethodWorker.java:105)
at org.testng.TestRunner.privateRun(TestRunner.java:648)
at org.testng.TestRunner.run(TestRunner.java:505)
at org.testng.SuiteRunner.runTest(SuiteRunner.java:455)
at org.testng.SuiteRunner.runSequentially(SuiteRunner.java:450)
at org.testng.SuiteRunner.privateRun(SuiteRunner.java:415)
at org.testng.SuiteRunner.run(SuiteRunner.java:364)
at org.testng.SuiteRunnerWorker.runSuite(SuiteRunnerWorker.java:52)
at org.testng.SuiteRunnerWorker.run(SuiteRunnerWorker.java:84)
at org.testng.TestNG.runSuitesSequentially(TestNG.java:1208)
at org.testng.TestNG.runSuitesLocally(TestNG.java:1137)
at org.testng.TestNG.runSuites(TestNG.java:1049)
at org.testng.TestNG.run(TestNG.java:1017)
at org.testng.remote.AbstractRemoteTestNG.run(AbstractRemoteTestNG.java:115)
at org.testng.remote.RemoteTestNG.initAndRun(RemoteTestNG.java:251)
at org.testng.remote.RemoteTestNG.main(RemoteTestNG.java:77)
]]>
    </error>
  </testcase> <!-- initialzeTestBaseSetup -->
  <testcase name="verifySignInAction" time="0.000" classname="com.rescale.testcases.FilesPage.tc_1_Files_Upload_New">
    <skipped/>
  </testcase> <!-- verifySignInAction -->
  <testcase name="gotoFilePage" time="0.000" classname="com.rescale.testcases.FilesPage.tc_1_Files_Upload_New">
    <skipped/>
  </testcase> <!-- gotoFilePage -->
</testsuite> <!-- com.rescale.testcases.FilesPage.tc_1_Files_Upload_New -->
